<?xml version="1.0" encoding="UTF-8"?>
<testsuite name="MainTest" tests="1" skipped="0" failures="0" errors="0" timestamp="2021-05-14T19:28:30" hostname="OWNER" time="1.784">
  <properties/>
  <testcase name="testCreateUser()" classname="MainTest" time="1.784"/>
  <system-out><![CDATA[No User found with this username and password
No User found with this username and password
No User found with this username and password
]]></system-out>
  <system-err><![CDATA[]]></system-err>
</testsuite>
